[debug] [2018-05-09T13:15:37.924Z] ----------------------------------------------------------------------
[debug] [2018-05-09T13:15:37.926Z] Command:       /usr/bin/node /usr/bin/firebase serve
[debug] [2018-05-09T13:15:37.926Z] CLI Version:   3.18.4
[debug] [2018-05-09T13:15:37.926Z] Platform:      linux
[debug] [2018-05-09T13:15:37.926Z] Node Version:  v9.10.0
[debug] [2018-05-09T13:15:37.926Z] Time:          Wed May 09 2018 09:15:37 GMT-0400 (EDT)
[debug] [2018-05-09T13:15:37.926Z] ----------------------------------------------------------------------
[debug] 
[debug] [2018-05-09T13:15:37.934Z] > command requires scopes: ["email","openid","https://www.googleapis.com/auth/cloudplatformprojects.readonly","https://www.googleapis.com/auth/firebase","https://www.googleapis.com/auth/cloud-platform"]
[debug] [2018-05-09T13:15:37.934Z] > authorizing via signed-in user
[debug] [2018-05-09T13:15:37.936Z] > refreshing access token with scopes: ["email","https://www.googleapis.com/auth/cloud-platform","https://www.googleapis.com/auth/cloudplatformprojects.readonly","https://www.googleapis.com/auth/firebase","openid"]
[debug] [2018-05-09T13:15:37.936Z] >>> HTTP REQUEST POST https://www.googleapis.com/oauth2/v3/token  
 { refresh_token: '1/QvX7xt467VkIKhge-CXYSCTHINa0kQTfH7lule8AQVc',
  client_id: '563584335869-fgrhgmd47bqnekij5i8b5pr03ho849e6.apps.googleusercontent.com',
  client_secret: 'j9iVZfS8kkCEFUPaAeJV0sAi',
  grant_type: 'refresh_token',
  scope: 'email https://www.googleapis.com/auth/cloud-platform https://www.googleapis.com/auth/cloudplatformprojects.readonly https://www.googleapis.com/auth/firebase openid' } 
 Wed May 09 2018 09:15:37 GMT-0400 (EDT)
[debug] [2018-05-09T13:15:38.127Z] <<< HTTP RESPONSE 200
[debug] [2018-05-09T13:15:38.136Z] >>> HTTP REQUEST GET https://admin.firebase.com/v1/projects/codesnippets-c9eee  
  
 Wed May 09 2018 09:15:38 GMT-0400 (EDT)
[debug] [2018-05-09T13:15:38.496Z] <<< HTTP RESPONSE 200
[debug] [2018-05-09T13:15:38.497Z] >>> HTTP REQUEST GET https://admin.firebase.com/v1/database/codesnippets-c9eee/tokens  
  
 Wed May 09 2018 09:15:38 GMT-0400 (EDT)
[debug] [2018-05-09T13:15:38.920Z] <<< HTTP RESPONSE 200
[debug] [2018-05-09T13:15:38.922Z] >>> HTTP REQUEST GET https://cloudresourcemanager.googleapis.com/v1/projects/codesnippets-c9eee  
  
 Wed May 09 2018 09:15:38 GMT-0400 (EDT)
[debug] [2018-05-09T13:15:39.560Z] <<< HTTP RESPONSE 200
[info] 
[info] === Serving from '/home/fma1/FullstackAcademy/CodeSnippets'...
[info] 
[debug] [2018-05-09T13:15:39.564Z] >>> HTTP REQUEST GET https://mobilesdk-pa.googleapis.com/v1/projects/846625889305/clients/_:getWebAppConfig  
  
 Wed May 09 2018 09:15:39 GMT-0400 (EDT)
[debug] [2018-05-09T13:15:39.922Z] <<< HTTP RESPONSE 200
[info] i  hosting: Serving hosting files from: ./public
[info] ✔  hosting: Local server: http://localhost:5000

